# JRE version: OpenJDK Runtime Environment Temurin-17.0.4+8 (17.0.4+8) (build 17.0.4+8)
# Java VM: OpenJDK 64-Bit Server VM Temurin-17.0.4+8 (17.0.4+8, mixed mode, emulated-client, tiered, compressed oops, compressed class ptrs, g1 gc, windows-amd64)
GC Precious Log:
 CPUs: 8 total, 8 available
 Memory: 32717M
 Large Page Support: Disabled
 NUMA Support: Disabled
 Compressed Oops: Enabled (Zero based)
 Heap Region Size: 4M
 Heap Min Capacity: 8M
 Heap Initial Capacity: 512M
 Heap Max Capacity: 8180M
 Pre-touch: Disabled
 Parallel Workers: 8
 Concurrent Workers: 2
 Concurrent Refinement Workers: 8
 Periodic GC: Disabled
Heap:
 garbage-first heap   total 98304K, used 57619K [0x0000000600c00000, 0x0000000800000000)
  region size 4096K, 11 young (45056K), 2 survivors (8192K)
 Metaspace       used 73048K, committed 73472K, reserved 1114112K
  class space    used 9724K, committed 9920K, reserved 1048576K
GC Heap History (20 events):
Event: 2.188 GC heap before
{Heap before GC invocations=7 (full 0):
 garbage-first heap   total 57344K, used 34850K [0x0000000600c00000, 0x0000000800000000)
  region size 4096K, 7 young (28672K), 1 survivors (4096K)
 Metaspace       used 28035K, committed 28288K, reserved 1081344K
  class space    used 3239K, committed 3392K, reserved 1048576K
}
Event: 2.192 GC heap after
{Heap after GC invocations=8 (full 0):
 garbage-first heap   total 290816K, used 11186K [0x0000000600c00000, 0x0000000800000000)
  region size 4096K, 1 young (4096K), 1 survivors (4096K)
 Metaspace       used 28035K, committed 28288K, reserved 1081344K
  class space    used 3239K, committed 3392K, reserved 1048576K
}
Event: 3.877 GC heap before
{Heap before GC invocations=8 (full 0):
 garbage-first heap   total 290816K, used 125874K [0x0000000600c00000, 0x0000000800000000)
  region size 4096K, 30 young (122880K), 1 survivors (4096K)
 Metaspace       used 35802K, committed 36160K, reserved 1081344K
  class space    used 4436K, committed 4608K, reserved 1048576K
}
Event: 3.889 GC heap after
{Heap after GC invocations=9 (full 0):
 garbage-first heap   total 290816K, used 15523K [0x0000000600c00000, 0x0000000800000000)
  region size 4096K, 2 young (8192K), 2 survivors (8192K)
 Metaspace       used 35802K, committed 36160K, reserved 1081344K
  class space    used 4436K, committed 4608K, reserved 1048576K
}
Event: 4.432 GC heap before
{Heap before GC invocations=10 (full 0):
 garbage-first heap   total 81920K, used 56483K [0x0000000600c00000, 0x0000000800000000)
  region size 4096K, 12 young (49152K), 2 survivors (8192K)
 Metaspace       used 38663K, committed 39040K, reserved 1089536K
  class space    used 4829K, committed 4992K, reserved 1048576K
}
Event: 4.442 GC heap after
{Heap after GC invocations=11 (full 0):
 garbage-first heap   total 81920K, used 17629K [0x0000000600c00000, 0x0000000800000000)
  region size 4096K, 1 young (4096K), 1 survivors (4096K)
 Metaspace       used 38663K, committed 39040K, reserved 1089536K
  class space    used 4829K, committed 4992K, reserved 1048576K
}
Event: 4.472 GC heap before
{Heap before GC invocations=11 (full 0):
 garbage-first heap   total 81920K, used 17629K [0x0000000600c00000, 0x0000000800000000)
  region size 4096K, 2 young (8192K), 1 survivors (4096K)
 Metaspace       used 39147K, committed 39552K, reserved 1089536K
  class space    used 4865K, committed 5056K, reserved 1048576K
}
Event: 4.478 GC heap after
{Heap after GC invocations=12 (full 0):
 garbage-first heap   total 81920K, used 17677K [0x0000000600c00000, 0x0000000800000000)
  region size 4096K, 1 young (4096K), 1 survivors (4096K)
 Metaspace       used 39147K, committed 39552K, reserved 1089536K
  class space    used 4865K, committed 5056K, reserved 1048576K
}
Event: 4.917 GC heap before
{Heap before GC invocations=12 (full 0):
 garbage-first heap   total 81920K, used 58637K [0x0000000600c00000, 0x0000000800000000)
  region size 4096K, 11 young (45056K), 1 survivors (4096K)
 Metaspace       used 43093K, committed 43392K, reserved 1089536K
  class space    used 5555K, committed 5696K, reserved 1048576K
}
Event: 4.923 GC heap after
{Heap after GC invocations=13 (full 0):
 garbage-first heap   total 303104K, used 18419K [0x0000000600c00000, 0x0000000800000000)
  region size 4096K, 1 young (4096K), 1 survivors (4096K)
 Metaspace       used 43093K, committed 43392K, reserved 1089536K
  class space    used 5555K, committed 5696K, reserved 1048576K
}
Event: 7.284 GC heap before
{Heap before GC invocations=13 (full 0):
 garbage-first heap   total 303104K, used 186355K [0x0000000600c00000, 0x0000000800000000)
  region size 4096K, 43 young (176128K), 1 survivors (4096K)
 Metaspace       used 60105K, committed 60480K, reserved 1105920K
  class space    used 7883K, committed 8064K, reserved 1048576K
}
Event: 7.296 GC heap after
{Heap after GC invocations=14 (full 0):
 garbage-first heap   total 303104K, used 23402K [0x0000000600c00000, 0x0000000800000000)
  region size 4096K, 2 young (8192K), 2 survivors (8192K)
 Metaspace       used 60105K, committed 60480K, reserved 1105920K
  class space    used 7883K, committed 8064K, reserved 1048576K
}
Event: 7.788 GC heap before
{Heap before GC invocations=15 (full 0):
 garbage-first heap   total 98304K, used 72554K [0x0000000600c00000, 0x0000000800000000)
  region size 4096K, 14 young (57344K), 2 survivors (8192K)
 Metaspace       used 63865K, committed 64256K, reserved 1105920K
  class space    used 8436K, committed 8640K, reserved 1048576K
}
Event: 7.796 GC heap after
{Heap after GC invocations=16 (full 0):
 garbage-first heap   total 98304K, used 25038K [0x0000000600c00000, 0x0000000800000000)
  region size 4096K, 1 young (4096K), 1 survivors (4096K)
 Metaspace       used 63865K, committed 64256K, reserved 1105920K
  class space    used 8436K, committed 8640K, reserved 1048576K
}
Event: 7.843 GC heap before
{Heap before GC invocations=16 (full 0):
 garbage-first heap   total 98304K, used 29134K [0x0000000600c00000, 0x0000000800000000)
  region size 4096K, 2 young (8192K), 1 survivors (4096K)
 Metaspace       used 64116K, committed 64512K, reserved 1105920K
  class space    used 8479K, committed 8640K, reserved 1048576K
}
Event: 7.850 GC heap after
{Heap after GC invocations=17 (full 0):
 garbage-first heap   total 98304K, used 24360K [0x0000000600c00000, 0x0000000800000000)
  region size 4096K, 1 young (4096K), 1 survivors (4096K)
 Metaspace       used 64116K, committed 64512K, reserved 1105920K
  class space    used 8479K, committed 8640K, reserved 1048576K
}
Event: 8.482 GC heap before
{Heap before GC invocations=17 (full 0):
 garbage-first heap   total 98304K, used 73512K [0x0000000600c00000, 0x0000000800000000)
  region size 4096K, 13 young (53248K), 1 survivors (4096K)
 Metaspace       used 66566K, committed 67008K, reserved 1114112K
  class space    used 8828K, committed 9024K, reserved 1048576K
}
Event: 8.487 GC heap after
{Heap after GC invocations=18 (full 0):
 garbage-first heap   total 98304K, used 26823K [0x0000000600c00000, 0x0000000800000000)
  region size 4096K, 1 young (4096K), 1 survivors (4096K)
 Metaspace       used 66566K, committed 67008K, reserved 1114112K
  class space    used 8828K, committed 9024K, reserved 1048576K
}
Event: 26.131 GC heap before
{Heap before GC invocations=18 (full 0):
 garbage-first heap   total 98304K, used 75975K [0x0000000600c00000, 0x0000000800000000)
  region size 4096K, 13 young (53248K), 1 survivors (4096K)
 Metaspace       used 69495K, committed 69952K, reserved 1114112K
  class space    used 9246K, committed 9472K, reserved 1048576K
}
Event: 26.136 GC heap after
{Heap after GC invocations=19 (full 0):
 garbage-first heap   total 98304K, used 28947K [0x0000000600c00000, 0x0000000800000000)
  region size 4096K, 2 young (8192K), 2 survivors (8192K)
 Metaspace       used 69495K, committed 69952K, reserved 1114112K
  class space    used 9246K, committed 9472K, reserved 1048576K
}

